<?xml version="1.0" encoding="UTF-8"?>
<!-- Generated by org.testng.reporters.JUnitXMLReporter -->
<testsuite ignored="0" hostname="L7KM63J3" failures="1" tests="8" name="TestModule1" time="0.05" errors="0" timestamp="2023-05-17T21:22:49 IST">
  <testcase classname="test1.Demo6Parameters" name="ABC5" time="0.006"/>
  <testcase classname="test1.Demo5Parameters" name="ABC1" time="0.006"/>
  <testcase classname="test1.Demo6Parameters" name="ABC5" time="0.002"/>
  <testcase classname="test1.Demo6Parameters" name="ABC6" time="0.001"/>
  <testcase classname="test1.Demo5Parameters" name="ABC2" time="0.005">
    <failure type="java.lang.AssertionError" message="expected [true] but found [false]">
      <![CDATA[java.lang.AssertionError: expected [true] but found [false]
at test1.Demo5Parameters.ABC2(Demo5Parameters.java:21)
at java.base/java.util.concurrent.ThreadPoolExecutor.runWorker(ThreadPoolExecutor.java:1136)
at java.base/java.util.concurrent.ThreadPoolExecutor$Worker.run(ThreadPoolExecutor.java:635)
at java.base/java.lang.Thread.run(Thread.java:833)
... Removed 16 stack frames]]>
    </failure>
  </testcase> <!-- ABC2 -->
  <testcase classname="test1.Demo6Parameters" name="ABC7" time="0.0"/>
  <testcase classname="test1.Demo5Parameters" name="ABC3" time="0.001"/>
  <testcase classname="test1.Demo5Parameters" name="ABC4" time="0.001"/>
</testsuite> <!-- TestModule1 -->
