<?xml version="1.0" encoding="UTF-8"?>
<!-- Generated by org.testng.reporters.JUnitXMLReporter -->
<testsuite ignored="1" hostname="L7KM63J3" failures="3" tests="24" name="TestModule1" time="0.119" errors="0" timestamp="2023-05-17T21:22:29 IST">
  <testcase classname="test1.Demo1" name="Dhivyan" time="0.006"/>
  <testcase classname="test1.Demo1" name="Prashan" time="0.002"/>
  <testcase classname="test1.Demo2" name="Letchu" time="0.001"/>
  <testcase classname="test1.Demo3" name="Raghul" time="0.001"/>
  <testcase classname="test1.Demo3" name="Karthick" time="0.001"/>
  <testcase classname="test1.Demo3" name="PrakashLogout" time="0.001"/>
  <testcase classname="test1.Demo3" name="Abzar" time="0.001"/>
  <testcase classname="test1.Demo4" name="Ball" time="0.001"/>
  <testcase classname="test1.Demo4" name="Bat" time="0.001"/>
  <testcase classname="test1.Demo4" name="Stump" time="0.001"/>
  <testcase classname="test1.Demo5Parameters" name="ABC1" time="0.0">
    <failure type="org.testng.TestNGException" message="
Parameter &amp;apos;URL&amp;apos; is required by @Test on method ABC1 but has not been marked @Optional or defined
in C:\UserDrive\Prashan\Eclipse\TestNgTutorial\testng.xml">
      <![CDATA[org.testng.TestNGException: 
Parameter 'URL' is required by @Test on method ABC1 but has not been marked @Optional or defined
in C:\UserDrive\Prashan\Eclipse\TestNgTutorial\testng.xml
at java.base/java.util.ArrayList.forEach(ArrayList.java:1511)
... Removed 26 stack frames]]>
    </failure>
  </testcase> <!-- ABC1 -->
  <testcase classname="test1.Demo5Parameters" name="ABC2" time="0.003">
    <failure type="java.lang.AssertionError" message="expected [true] but found [false]">
      <![CDATA[java.lang.AssertionError: expected [true] but found [false]
at test1.Demo5Parameters.ABC2(Demo5Parameters.java:21)
at java.base/java.util.ArrayList.forEach(ArrayList.java:1511)
... Removed 31 stack frames]]>
    </failure>
  </testcase> <!-- ABC2 -->
  <testcase classname="test1.Demo5Parameters" name="ABC3" time="0.001"/>
  <testcase classname="test1.Demo5Parameters" name="ABC4" time="0.0"/>
  <testcase classname="test1.Demo6Parameters" name="ABC5" time="0.002"/>
  <testcase classname="test1.Demo6Parameters" name="ABC5" time="0.001"/>
  <testcase classname="test1.Demo6Parameters" name="ABC6" time="0.001"/>
  <testcase classname="test1.Demo6Parameters" name="ABC7" time="0.0"/>
  <testcase classname="test1.Demo7Parameters" name="ABC10" time="0.001"/>
  <testcase classname="test1.Demo7Parameters" name="ABC8" time="0.0">
    <failure type="org.testng.TestNGException" message="
Parameter &amp;apos;URL&amp;apos; is required by @Test on method ABC8 but has not been marked @Optional or defined
in C:\UserDrive\Prashan\Eclipse\TestNgTutorial\testng.xml">
      <![CDATA[org.testng.TestNGException: 
Parameter 'URL' is required by @Test on method ABC8 but has not been marked @Optional or defined
in C:\UserDrive\Prashan\Eclipse\TestNgTutorial\testng.xml
at java.base/java.util.ArrayList.forEach(ArrayList.java:1511)
... Removed 26 stack frames]]>
    </failure>
  </testcase> <!-- ABC8 -->
  <testcase classname="test1.Demo7Parameters" name="ABC9" time="0.0"/>
  <testcase classname="test1.Demo8Parameters" name="ABC11" time="0.001"/>
  <testcase classname="test1.Demo8Parameters" name="ABC12" time="0.001"/>
  <testcase classname="test1.Demo8Parameters" name="ABC13" time="0.001"/>
  <testcase classname="test1.Demo3" name="PrakashLogin" time="0.0">
    <ignored/>
  </testcase> <!-- PrakashLogin -->
</testsuite> <!-- TestModule1 -->
